<?xml version="1.0" encoding="UTF-8"?>
<!-- Generated by org.testng.reporters.JUnitReportReporter -->
<testsuite skipped="0" hostname="SAI-PC" name="maven_proj.NewClass" tests="1" failures="0" timestamp="2020-08-12T13:28:37 IST" time="28.701" errors="0">
  <testcase name="test" time="28.701" classname="maven_proj.NewClass"/>
  <system-out/>
</testsuite> <!-- maven_proj.NewClass -->
