<?xml version="1.0" encoding="UTF-8"?>
<!-- Generated by org.testng.reporters.JUnitReportReporter -->
<testsuite skipped="0" hostname="SAI-PC" name="com.loginpage.Loginpage" tests="1" failures="0" timestamp="2020-08-19T18:37:58 IST" time="5.610" errors="0">
  <testcase name="loginapp" time="5.610" classname="com.loginpage.Loginpage"/>
  <system-out/>
</testsuite> <!-- com.loginpage.Loginpage -->
