<?xml version="1.0" encoding="UTF-8"?>
<!-- Generated by org.testng.reporters.JUnitReportReporter -->
<testsuite skipped="0" hostname="SAI-PC" name="com.loginpage.Loginpage" tests="1" failures="0" timestamp="2020-08-19T21:27:04 IST" time="20.267" errors="0">
  <testcase name="loginapp" time="20.267" classname="com.loginpage.Loginpage"/>
</testsuite> <!-- com.loginpage.Loginpage -->
