<?xml version="1.0" encoding="UTF-8"?>
<!-- Generated by org.testng.reporters.JUnitReportReporter -->
<testsuite skipped="0" hostname="SAI-PC" name="com.loginpage.Loginpage" tests="1" failures="0" timestamp="2020-10-04T13:25:42 IST" time="39.064" errors="0">
  <testcase name="loginapp" time="39.064" classname="com.loginpage.Loginpage"/>
</testsuite> <!-- com.loginpage.Loginpage -->
